1608235123176:s
1608235135772:exit
1608300438059:l
1608300443505:l oleg
1608300505572:s
1608309801253:l
1608309806981:login
1608309903288:l
1608309906280:login
1608309973034:help
1608310140554:l oleg
1608310144390:start
1608310275510:login
1608310280283:start
1608310818855:login Oleg
1608310819839:s
1608310848712:exit
1608310898319:login Oleg
1608310899182:d
1608310915334:Oleg
1608310929496:l oleg
1608310931715:s
1608312253429:exit
1608368655028:l Oleg
1608368660783:S
1608368665238:s
1608368685914:exit
1608372039544:oleg
1608372771645:a
1608372780708:s
1608373037501:l
1608373042915:a
1608373046140:as
1608373047426:s
1608374569862:aa
1608374573465:quit
1608375372308:Oleg
1608376920195:login Oleg
1608376932149:s
1608377126539:login Oleg
1608377134116:start
1608377138099:2
1608385537164:login oleg
1608385539130:2
1608385543682:start
1608385551727:exit
1608398740862:login Oleg
1608398751523:Start
1608398756357:start
1608487911655:login Oleg
1608487917439:start
1608487996479:учше
1608488002341:exit
1608488016619:login ol
1608488022429:start
1608488154515:login d
1608488157240:start
1608488565047:login ol
1608488568983:start
